<?xml version="1.0" encoding="UTF-8"?>
<testng-results skipped="0" failed="0" ignored="0" total="1" passed="1">
  <reporter-output>
  </reporter-output>
  <suite name="Parallel test suite" duration-ms="9347" started-at="2019-07-15T14:47:27Z" finished-at="2019-07-15T14:47:36Z">
    <groups>
    </groups>
    <test name="chrome tests" duration-ms="9347" started-at="2019-07-15T14:47:27Z" finished-at="2019-07-15T14:47:36Z">
      <class name="web_automation.projectx.VerifySearch">
        <test-method status="PASS" signature="openBrowser(java.lang.String)[pri:0, instance:web_automation.projectx.VerifySearch@4411d970]" name="openBrowser" is-config="true" duration-ms="2683" started-at="2019-07-15T16:47:27Z" finished-at="2019-07-15T16:47:30Z">
          <params>
            <param index="0">
              <value>
                <![CDATA[Chrome]]>
              </value>
            </param>
          </params>
          <reporter-output>
          </reporter-output>
        </test-method> <!-- openBrowser -->
        <test-method status="PASS" signature="searhTest1()[pri:0, instance:web_automation.projectx.VerifySearch@4411d970]" name="searhTest1" duration-ms="6544" started-at="2019-07-15T16:47:30Z" finished-at="2019-07-15T16:47:36Z">
          <reporter-output>
          </reporter-output>
        </test-method> <!-- searhTest1 -->
        <test-method status="PASS" signature="teardown()[pri:0, instance:web_automation.projectx.VerifySearch@4411d970]" name="teardown" is-config="true" duration-ms="105" started-at="2019-07-15T16:47:36Z" finished-at="2019-07-15T16:47:36Z">
          <reporter-output>
          </reporter-output>
        </test-method> <!-- teardown -->
      </class> <!-- web_automation.projectx.VerifySearch -->
    </test> <!-- chrome tests -->
  </suite> <!-- Parallel test suite -->
</testng-results>
